2020-06-09 19:52:53.909  INFO 17652 --- [main] o.c.driver.CloudDriverMainApplication    : Starting CloudDriverMainApplication on LAPTOP-KE4G8IM5 with PID 17652 (E:\JetBrains\IdeaProjects\CloudDriver\target\classes started by 87454 in E:\JetBrains\IdeaProjects\CloudDriver)
2020-06-09 19:52:53.932  INFO 17652 --- [main] o.c.driver.CloudDriverMainApplication    : No active profile set, falling back to default profiles: default
2020-06-09 19:52:54.006  INFO 17652 --- [main] ConfigServletWebServerApplicationContext : Refreshing org.springframework.boot.web.servlet.context.AnnotationConfigServletWebServerApplicationContext@34f6515b: startup date [Tue Jun 09 19:52:54 CST 2020]; root of context hierarchy
2020-06-09 19:52:56.101  INFO 17652 --- [main] trationDelegate$BeanPostProcessorChecker : Bean 'org.springframework.transaction.annotation.ProxyTransactionManagementConfiguration' of type [org.springframework.transaction.annotation.ProxyTransactionManagementConfiguration$$EnhancerBySpringCGLIB$$bac497ef] is not eligible for getting processed by all BeanPostProcessors (for example: not eligible for auto-proxying)
2020-06-09 19:52:57.023  INFO 17652 --- [main] o.s.b.w.embedded.tomcat.TomcatWebServer  : Tomcat initialized with port(s): 9527 (http)
2020-06-09 19:52:57.055  INFO 17652 --- [main] o.apache.catalina.core.StandardService   : Starting service [Tomcat]
2020-06-09 19:52:57.056  INFO 17652 --- [main] org.apache.catalina.core.StandardEngine  : Starting Servlet Engine: Apache Tomcat/8.5.29
2020-06-09 19:52:57.066  INFO 17652 --- [localhost-startStop-1] o.a.catalina.core.AprLifecycleListener   : The APR based Apache Tomcat Native library which allows optimal performance in production environments was not found on the java.library.path: [E:\java\bin;C:\WINDOWS\Sun\Java\bin;C:\WINDOWS\system32;C:\WINDOWS;C:\ProgramData\Oracle\Java\javapath;C:\Program Files (x86)\Intel\iCLS Client\;C:\Program Files\Intel\iCLS Client\;C:\Windows\system32;C:\Windows;C:\Windows\System32\Wbem;C:\Windows\System32\WindowsPowerShell\v1.0\;C:\Program Files (x86)\Intel\Intel(R) Management Engine Components\DAL;C:\Program Files\Intel\Intel(R) Management Engine Components\DAL;C:\Program Files (x86)\Intel\Intel(R) Management Engine Components\IPT;C:\Program Files\Intel\Intel(R) Management Engine Components\IPT;C:\WINDOWS\system32;C:\WINDOWS;C:\WINDOWS\System32\Wbem;C:\WINDOWS\System32\WindowsPowerShell\v1.0\;C:\WINDOWS\System32\OpenSSH\;E:\java\bin;E:\dotnet\;C:\Users\87454\AppData\Local\Programs\Python\Python37\;C:\Program Files\NVIDIA Corporation\NVIDIA NvDLISR;E:\Matlab 2017a\runtime\win64;E:\Matlab 2017a\bin;C:\Program Files (x86)\NVIDIA Corporation\PhysX\Common;C:\Program Files\Microsoft\Web Platform Installer\;C:\Program Files (x86)\Microsoft ASP.NET\ASP.NET Web Pages\v1.0\;C:\Program Files (x86)\Windows Kits\8.0\Windows Performance Toolkit\;e:\Program Files (x86)\Microsoft SQL Server\100\Tools\Binn\VSShell\Common7\IDE\;e:\Program Files (x86)\Microsoft SQL Server\100\Tools\Binn\;e:\Program Files\Microsoft SQL Server\100\Tools\Binn\;e:\Program Files (x86)\Microsoft SQL Server\100\DTS\Binn\;E:\opencv\build\x64\vc11\bin;C:\Program Files (x86)\Google\Chrome\Application;E:\Tesseract-OCR;E:\Git\cmd;E:\maven\soft\apache-maven-3.3.3\bin;C:\WINDOWS\system32;C:\WINDOWS;C:\WINDOWS\System32\Wbem;C:\WINDOWS\System32\WindowsPowerShell\v1.0\;C:\WINDOWS\System32\OpenSSH\;E:\nodejs\;E:\nodejs\node_global;ERLANG_HOME\bin;E:\Anaconda3;E:\Anaconda3\Scripts;C:\Users\87454\AppData\Local\Microsoft\WindowsApps;E:\Bandizip\;E:\Microsoft VS Code\bin;C:\Users\87454\AppData\Local\Microsoft\WindowsApps;E:\nodejs\node_global;;.]
2020-06-09 19:52:57.203  INFO 17652 --- [localhost-startStop-1] o.a.c.c.C.[Tomcat].[localhost].[/]       : Initializing Spring embedded WebApplicationContext
2020-06-09 19:52:57.204  INFO 17652 --- [localhost-startStop-1] o.s.web.context.ContextLoader            : Root WebApplicationContext: initialization completed in 3198 ms
2020-06-09 19:52:57.400  INFO 17652 --- [localhost-startStop-1] o.s.b.w.servlet.ServletRegistrationBean  : Servlet dispatcherServlet mapped to [/]
2020-06-09 19:52:57.405  INFO 17652 --- [localhost-startStop-1] o.s.b.w.servlet.FilterRegistrationBean   : Mapping filter: 'characterEncodingFilter' to: [/*]
2020-06-09 19:52:57.406  INFO 17652 --- [localhost-startStop-1] o.s.b.w.servlet.FilterRegistrationBean   : Mapping filter: 'hiddenHttpMethodFilter' to: [/*]
2020-06-09 19:52:57.406  INFO 17652 --- [localhost-startStop-1] o.s.b.w.servlet.FilterRegistrationBean   : Mapping filter: 'httpPutFormContentFilter' to: [/*]
2020-06-09 19:52:57.406  INFO 17652 --- [localhost-startStop-1] o.s.b.w.servlet.FilterRegistrationBean   : Mapping filter: 'requestContextFilter' to: [/*]
2020-06-09 19:52:58.327  INFO 17652 --- [main] s.w.s.m.m.a.RequestMappingHandlerMapping : Mapped "{[/cd/directory/create],methods=[POST]}" onto public org.cloud.driver.response.Response<org.cloud.driver.model.Directory> org.cloud.driver.controller.DirectoryController.create(org.cloud.driver.model.Directory)
2020-06-09 19:52:58.328  INFO 17652 --- [main] s.w.s.m.m.a.RequestMappingHandlerMapping : Mapped "{[/cd/directory/realDelete/{directoryId}],methods=[GET]}" onto public org.cloud.driver.response.Response<java.lang.String> org.cloud.driver.controller.DirectoryController.realDelete(long)
2020-06-09 19:52:58.328  INFO 17652 --- [main] s.w.s.m.m.a.RequestMappingHandlerMapping : Mapped "{[/cd/directory/getDelete],methods=[GET]}" onto public org.cloud.driver.response.Response<java.util.List<org.cloud.driver.model.Directory>> org.cloud.driver.controller.DirectoryController.getDeleteFiles()
2020-06-09 19:52:58.329  INFO 17652 --- [main] s.w.s.m.m.a.RequestMappingHandlerMapping : Mapped "{[/cd/directory/getFiles/{directoryId}],methods=[GET]}" onto public org.cloud.driver.response.Response<java.util.List<org.cloud.driver.model.Directory>> org.cloud.driver.controller.DirectoryController.getFiles(long)
2020-06-09 19:52:58.330  INFO 17652 --- [main] s.w.s.m.m.a.RequestMappingHandlerMapping : Mapped "{[/cd/directory/update],methods=[POST]}" onto public org.cloud.driver.response.Response<org.cloud.driver.model.Directory> org.cloud.driver.controller.DirectoryController.fileUpdate(org.cloud.driver.model.Directory)
2020-06-09 19:52:58.330  INFO 17652 --- [main] s.w.s.m.m.a.RequestMappingHandlerMapping : Mapped "{[/cd/directory/delete/{directoryId}],methods=[GET]}" onto public org.cloud.driver.response.Response<java.lang.String> org.cloud.driver.controller.DirectoryController.deleteFiles(long)
2020-06-09 19:52:58.337  INFO 17652 --- [main] s.w.s.m.m.a.RequestMappingHandlerMapping : Mapped "{[/cd/file/getPercent],methods=[GET]}" onto public org.cloud.driver.response.Response<java.lang.Integer> org.cloud.driver.controller.FileController.getPercent()
2020-06-09 19:52:58.337  INFO 17652 --- [main] s.w.s.m.m.a.RequestMappingHandlerMapping : Mapped "{[/cd/file/realAllDelete],methods=[GET]}" onto public org.cloud.driver.response.Response<java.lang.String> org.cloud.driver.controller.FileController.realAllDelete()
2020-06-09 19:52:58.337  INFO 17652 --- [main] s.w.s.m.m.a.RequestMappingHandlerMapping : Mapped "{[/cd/file/realDelete/{fileId}],methods=[GET]}" onto public org.cloud.driver.response.Response<java.lang.String> org.cloud.driver.controller.FileController.realDelete(long)
2020-06-09 19:52:58.338  INFO 17652 --- [main] s.w.s.m.m.a.RequestMappingHandlerMapping : Mapped "{[/cd/file/getByType],methods=[GET]}" onto public org.cloud.driver.response.Response<java.util.List<org.cloud.driver.model.MyFile>> org.cloud.driver.controller.FileController.getFilesByType(java.lang.String)
2020-06-09 19:52:58.338  INFO 17652 --- [main] s.w.s.m.m.a.RequestMappingHandlerMapping : Mapped "{[/cd/file/upload],methods=[POST]}" onto public org.cloud.driver.response.Response<org.cloud.driver.model.MyFile> org.cloud.driver.controller.FileController.fileUpload(javax.servlet.http.HttpServletRequest,org.springframework.web.multipart.MultipartFile,org.cloud.driver.model.MyFile) throws java.io.IOException
2020-06-09 19:52:58.338  INFO 17652 --- [main] s.w.s.m.m.a.RequestMappingHandlerMapping : Mapped "{[/cd/file/download/{fileId}],methods=[GET]}" onto public void org.cloud.driver.controller.FileController.fileDownload(javax.servlet.http.HttpServletResponse,long)
2020-06-09 19:52:58.339  INFO 17652 --- [main] s.w.s.m.m.a.RequestMappingHandlerMapping : Mapped "{[/cd/file/getDelete],methods=[GET]}" onto public org.cloud.driver.response.Response<java.util.List<org.cloud.driver.model.MyFile>> org.cloud.driver.controller.FileController.getDeleteFiles()
2020-06-09 19:52:58.339  INFO 17652 --- [main] s.w.s.m.m.a.RequestMappingHandlerMapping : Mapped "{[/cd/file/getFiles/{directoryId}],methods=[GET]}" onto public org.cloud.driver.response.Response<java.util.List<org.cloud.driver.model.MyFile>> org.cloud.driver.controller.FileController.getFiles(long)
2020-06-09 19:52:58.339  INFO 17652 --- [main] s.w.s.m.m.a.RequestMappingHandlerMapping : Mapped "{[/cd/file/update],methods=[POST]}" onto public org.cloud.driver.response.Response<org.cloud.driver.model.MyFile> org.cloud.driver.controller.FileController.fileUpdate(org.cloud.driver.model.MyFile)
2020-06-09 19:52:58.340  INFO 17652 --- [main] s.w.s.m.m.a.RequestMappingHandlerMapping : Mapped "{[/cd/file/delete/{fileId}],methods=[GET]}" onto public org.cloud.driver.response.Response<java.lang.String> org.cloud.driver.controller.FileController.deleteFiles(long)
2020-06-09 19:52:58.341  INFO 17652 --- [main] s.w.s.m.m.a.RequestMappingHandlerMapping : Mapped "{[/cd/user/register],methods=[POST]}" onto public org.cloud.driver.response.Response<java.lang.String> org.cloud.driver.controller.UserController.register(javax.servlet.http.HttpServletRequest,org.cloud.driver.request.UserRequest)
2020-06-09 19:52:58.341  INFO 17652 --- [main] s.w.s.m.m.a.RequestMappingHandlerMapping : Mapped "{[/cd/user/validEmail/{email}]}" onto public org.cloud.driver.response.Response org.cloud.driver.controller.UserController.validEmail(javax.servlet.http.HttpServletRequest,java.lang.String)
2020-06-09 19:52:58.342  INFO 17652 --- [main] s.w.s.m.m.a.RequestMappingHandlerMapping : Mapped "{[/cd/user/login],methods=[POST]}" onto public org.cloud.driver.response.Response<java.lang.String> org.cloud.driver.controller.UserController.login(javax.servlet.http.HttpServletResponse,org.cloud.driver.vo.LoginVo)
2020-06-09 19:52:58.342  INFO 17652 --- [main] s.w.s.m.m.a.RequestMappingHandlerMapping : Mapped "{[/cd/user/getCode/{email}]}" onto public org.cloud.driver.response.Response org.cloud.driver.controller.UserController.getCode(javax.servlet.http.HttpServletRequest,java.lang.String)
2020-06-09 19:52:58.342  INFO 17652 --- [main] s.w.s.m.m.a.RequestMappingHandlerMapping : Mapped "{[/cd/user/validUsername/{username}]}" onto public org.cloud.driver.response.Response org.cloud.driver.controller.UserController.validUsername(javax.servlet.http.HttpServletRequest,java.lang.String)
2020-06-09 19:52:58.344  INFO 17652 --- [main] s.w.s.m.m.a.RequestMappingHandlerMapping : Mapped "{[/v2/api-docs],methods=[GET],produces=[application/json || application/hal+json]}" onto public org.springframework.http.ResponseEntity<springfox.documentation.spring.web.json.Json> springfox.documentation.swagger2.web.Swagger2Controller.getDocumentation(java.lang.String,javax.servlet.http.HttpServletRequest)
2020-06-09 19:52:58.346  INFO 17652 --- [main] s.w.s.m.m.a.RequestMappingHandlerMapping : Mapped "{[/swagger-resources/configuration/security]}" onto org.springframework.http.ResponseEntity<springfox.documentation.swagger.web.SecurityConfiguration> springfox.documentation.swagger.web.ApiResourceController.securityConfiguration()
2020-06-09 19:52:58.347  INFO 17652 --- [main] s.w.s.m.m.a.RequestMappingHandlerMapping : Mapped "{[/swagger-resources/configuration/ui]}" onto org.springframework.http.ResponseEntity<springfox.documentation.swagger.web.UiConfiguration> springfox.documentation.swagger.web.ApiResourceController.uiConfiguration()
2020-06-09 19:52:58.348  INFO 17652 --- [main] s.w.s.m.m.a.RequestMappingHandlerMapping : Mapped "{[/swagger-resources]}" onto org.springframework.http.ResponseEntity<java.util.List<springfox.documentation.swagger.web.SwaggerResource>> springfox.documentation.swagger.web.ApiResourceController.swaggerResources()
2020-06-09 19:52:58.351  INFO 17652 --- [main] s.w.s.m.m.a.RequestMappingHandlerMapping : Mapped "{[/error]}" onto public org.springframework.http.ResponseEntity<java.util.Map<java.lang.String, java.lang.Object>> org.springframework.boot.autoconfigure.web.servlet.error.BasicErrorController.error(javax.servlet.http.HttpServletRequest)
2020-06-09 19:52:58.351  INFO 17652 --- [main] s.w.s.m.m.a.RequestMappingHandlerMapping : Mapped "{[/error],produces=[text/html]}" onto public org.springframework.web.servlet.ModelAndView org.springframework.boot.autoconfigure.web.servlet.error.BasicErrorController.errorHtml(javax.servlet.http.HttpServletRequest,javax.servlet.http.HttpServletResponse)
2020-06-09 19:52:58.554  INFO 17652 --- [main] o.s.w.s.handler.SimpleUrlHandlerMapping  : Mapped URL path [/**/favicon.ico] onto handler of type [class org.springframework.web.servlet.resource.ResourceHttpRequestHandler]
2020-06-09 19:52:58.752  INFO 17652 --- [main] s.w.s.m.m.a.RequestMappingHandlerAdapter : Looking for @ControllerAdvice: org.springframework.boot.web.servlet.context.AnnotationConfigServletWebServerApplicationContext@34f6515b: startup date [Tue Jun 09 19:52:54 CST 2020]; root of context hierarchy
2020-06-09 19:52:58.838  INFO 17652 --- [main] o.s.w.s.handler.SimpleUrlHandlerMapping  : Mapped URL path [/webjars/**] onto handler of type [class org.springframework.web.servlet.resource.ResourceHttpRequestHandler]
2020-06-09 19:52:58.838  INFO 17652 --- [main] o.s.w.s.handler.SimpleUrlHandlerMapping  : Mapped URL path [/**] onto handler of type [class org.springframework.web.servlet.resource.ResourceHttpRequestHandler]
2020-06-09 19:52:58.855  INFO 17652 --- [main] .m.m.a.ExceptionHandlerExceptionResolver : Detected @ExceptionHandler methods in exceptionCatch
2020-06-09 19:52:59.068  INFO 17652 --- [main] o.s.ui.freemarker.SpringTemplateLoader   : SpringTemplateLoader for FreeMarker: using resource loader [org.springframework.boot.web.servlet.context.AnnotationConfigServletWebServerApplicationContext@34f6515b: startup date [Tue Jun 09 19:52:54 CST 2020]; root of context hierarchy] and template loader path [classpath:/templates/]
2020-06-09 19:52:59.070  INFO 17652 --- [main] o.s.w.s.v.f.FreeMarkerConfigurer         : ClassTemplateLoader for Spring macros added to FreeMarker configuration
2020-06-09 19:52:59.090  WARN 17652 --- [main] o.s.b.a.f.FreeMarkerAutoConfiguration    : Cannot find template location(s): [classpath:/templates/] (please add some templates, check your FreeMarker configuration, or set spring.freemarker.checkTemplateLocation=false)
2020-06-09 19:52:59.244  INFO 17652 --- [main] o.s.j.e.a.AnnotationMBeanExporter        : Registering beans for JMX exposure on startup
2020-06-09 19:52:59.246  INFO 17652 --- [main] o.s.j.e.a.AnnotationMBeanExporter        : Bean with name 'dataSource' has been autodetected for JMX exposure
2020-06-09 19:52:59.252  INFO 17652 --- [main] o.s.j.e.a.AnnotationMBeanExporter        : Located MBean 'dataSource': registering with JMX server as MBean [com.alibaba.druid.pool:name=dataSource,type=DruidDataSource]
2020-06-09 19:52:59.258  INFO 17652 --- [main] o.s.c.support.DefaultLifecycleProcessor  : Starting beans in phase 2147483647
2020-06-09 19:52:59.259  INFO 17652 --- [main] d.s.w.p.DocumentationPluginsBootstrapper : Context refreshed
2020-06-09 19:52:59.280  INFO 17652 --- [main] d.s.w.p.DocumentationPluginsBootstrapper : Found 1 custom documentation plugin(s)
2020-06-09 19:52:59.295  INFO 17652 --- [main] s.d.s.w.s.ApiListingReferenceScanner     : Scanning for api listing references
2020-06-09 19:52:59.489  INFO 17652 --- [main] .d.s.w.r.o.CachingOperationNameGenerator : Generating unique operation named: deleteFilesUsingGET_1
2020-06-09 19:52:59.504  INFO 17652 --- [main] .d.s.w.r.o.CachingOperationNameGenerator : Generating unique operation named: fileUpdateUsingPOST_1
2020-06-09 19:52:59.512  INFO 17652 --- [main] .d.s.w.r.o.CachingOperationNameGenerator : Generating unique operation named: getDeleteFilesUsingGET_1
2020-06-09 19:52:59.517  INFO 17652 --- [main] .d.s.w.r.o.CachingOperationNameGenerator : Generating unique operation named: getFilesUsingGET_1
2020-06-09 19:52:59.531  INFO 17652 --- [main] .d.s.w.r.o.CachingOperationNameGenerator : Generating unique operation named: realDeleteUsingGET_1
2020-06-09 19:52:59.536  INFO 17652 --- [main] .d.s.w.r.o.CachingOperationNameGenerator : Generating unique operation named: getCodeUsingGET_1
2020-06-09 19:52:59.539  INFO 17652 --- [main] .d.s.w.r.o.CachingOperationNameGenerator : Generating unique operation named: getCodeUsingGET_2
2020-06-09 19:52:59.540  INFO 17652 --- [main] .d.s.w.r.o.CachingOperationNameGenerator : Generating unique operation named: getCodeUsingGET_3
2020-06-09 19:52:59.542  INFO 17652 --- [main] .d.s.w.r.o.CachingOperationNameGenerator : Generating unique operation named: getCodeUsingGET_4
2020-06-09 19:52:59.543  INFO 17652 --- [main] .d.s.w.r.o.CachingOperationNameGenerator : Generating unique operation named: getCodeUsingGET_5
2020-06-09 19:52:59.545  INFO 17652 --- [main] .d.s.w.r.o.CachingOperationNameGenerator : Generating unique operation named: getCodeUsingGET_6
2020-06-09 19:52:59.547  INFO 17652 --- [main] .d.s.w.r.o.CachingOperationNameGenerator : Generating unique operation named: getCodeUsingGET_7
2020-06-09 19:52:59.556  INFO 17652 --- [main] .d.s.w.r.o.CachingOperationNameGenerator : Generating unique operation named: validEmailUsingGET_1
2020-06-09 19:52:59.558  INFO 17652 --- [main] .d.s.w.r.o.CachingOperationNameGenerator : Generating unique operation named: validEmailUsingGET_2
2020-06-09 19:52:59.559  INFO 17652 --- [main] .d.s.w.r.o.CachingOperationNameGenerator : Generating unique operation named: validEmailUsingGET_3
2020-06-09 19:52:59.560  INFO 17652 --- [main] .d.s.w.r.o.CachingOperationNameGenerator : Generating unique operation named: validEmailUsingGET_4
2020-06-09 19:52:59.562  INFO 17652 --- [main] .d.s.w.r.o.CachingOperationNameGenerator : Generating unique operation named: validEmailUsingGET_5
2020-06-09 19:52:59.563  INFO 17652 --- [main] .d.s.w.r.o.CachingOperationNameGenerator : Generating unique operation named: validEmailUsingGET_6
2020-06-09 19:52:59.565  INFO 17652 --- [main] .d.s.w.r.o.CachingOperationNameGenerator : Generating unique operation named: validEmailUsingGET_7
2020-06-09 19:52:59.568  INFO 17652 --- [main] .d.s.w.r.o.CachingOperationNameGenerator : Generating unique operation named: validUsernameUsingGET_1
2020-06-09 19:52:59.570  INFO 17652 --- [main] .d.s.w.r.o.CachingOperationNameGenerator : Generating unique operation named: validUsernameUsingGET_2
2020-06-09 19:52:59.571  INFO 17652 --- [main] .d.s.w.r.o.CachingOperationNameGenerator : Generating unique operation named: validUsernameUsingGET_3
2020-06-09 19:52:59.572  INFO 17652 --- [main] .d.s.w.r.o.CachingOperationNameGenerator : Generating unique operation named: validUsernameUsingGET_4
2020-06-09 19:52:59.574  INFO 17652 --- [main] .d.s.w.r.o.CachingOperationNameGenerator : Generating unique operation named: validUsernameUsingGET_5
2020-06-09 19:52:59.575  INFO 17652 --- [main] .d.s.w.r.o.CachingOperationNameGenerator : Generating unique operation named: validUsernameUsingGET_6
2020-06-09 19:52:59.576  INFO 17652 --- [main] .d.s.w.r.o.CachingOperationNameGenerator : Generating unique operation named: validUsernameUsingGET_7
2020-06-09 19:52:59.638  INFO 17652 --- [main] o.s.b.w.embedded.tomcat.TomcatWebServer  : Tomcat started on port(s): 9527 (http) with context path ''
2020-06-09 19:52:59.646  INFO 17652 --- [main] o.c.driver.CloudDriverMainApplication    : Started CloudDriverMainApplication in 6.22 seconds (JVM running for 6.89)
2020-06-09 19:53:49.164  INFO 17652 --- [http-nio-9527-exec-1] o.a.c.c.C.[Tomcat].[localhost].[/]       : Initializing Spring FrameworkServlet 'dispatcherServlet'
2020-06-09 19:53:49.165  INFO 17652 --- [http-nio-9527-exec-1] o.s.web.servlet.DispatcherServlet        : FrameworkServlet 'dispatcherServlet': initialization started
2020-06-09 19:53:49.194  INFO 17652 --- [http-nio-9527-exec-1] o.s.web.servlet.DispatcherServlet        : FrameworkServlet 'dispatcherServlet': initialization completed in 28 ms
2020-06-09 19:54:08.807 ERROR 17652 --- [http-nio-9527-exec-6] o.cloud.driver.exception.ExceptionCatch  : catch exception:JSON parse error: Invalid UTF-8 start byte 0x98; nested exception is com.fasterxml.jackson.core.JsonParseException: Invalid UTF-8 start byte 0x98
 at [Source: (PushbackInputStream); line: 1, column: 3]
2020-06-09 19:54:08.807 ERROR 17652 --- [http-nio-9527-exec-6] o.cloud.driver.exception.ExceptionCatch  : catch declaringClass:org.springframework.http.converter.json.AbstractJackson2HttpMessageConverter.readJavaType(AbstractJackson2HttpMessageConverter.java:241)
2020-06-09 19:54:08.807 ERROR 17652 --- [http-nio-9527-exec-6] o.cloud.driver.exception.ExceptionCatch  : catch methodName:org.springframework.http.converter.json.AbstractJackson2HttpMessageConverter.read(AbstractJackson2HttpMessageConverter.java:223)
2020-06-09 19:54:08.807 ERROR 17652 --- [http-nio-9527-exec-6] o.cloud.driver.exception.ExceptionCatch  : catch fileName:org.springframework.web.servlet.mvc.method.annotation.AbstractMessageConverterMethodArgumentResolver.readWithMessageConverters(AbstractMessageConverterMethodArgumentResolver.java:206)
2020-06-09 19:54:08.807 ERROR 17652 --- [http-nio-9527-exec-6] o.cloud.driver.exception.ExceptionCatch  : catch lineNumber:org.springframework.web.servlet.mvc.method.annotation.RequestResponseBodyMethodProcessor.readWithMessageConverters(RequestResponseBodyMethodProcessor.java:157)
2020-06-09 19:54:53.692  INFO 17652 --- [Thread-3] ConfigServletWebServerApplicationContext : Closing org.springframework.boot.web.servlet.context.AnnotationConfigServletWebServerApplicationContext@34f6515b: startup date [Tue Jun 09 19:52:54 CST 2020]; root of context hierarchy
2020-06-09 19:54:53.695  INFO 17652 --- [Thread-3] o.s.c.support.DefaultLifecycleProcessor  : Stopping beans in phase 2147483647
2020-06-09 19:54:53.697  INFO 17652 --- [Thread-3] o.s.j.e.a.AnnotationMBeanExporter        : Unregistering JMX-exposed beans on shutdown
2020-06-09 19:54:53.717  INFO 17652 --- [Thread-3] o.s.j.e.a.AnnotationMBeanExporter        : Unregistering JMX-exposed beans
2020-06-09 19:54:56.949  INFO 18288 --- [main] o.c.driver.CloudDriverMainApplication    : Starting CloudDriverMainApplication on LAPTOP-KE4G8IM5 with PID 18288 (E:\JetBrains\IdeaProjects\CloudDriver\target\classes started by 87454 in E:\JetBrains\IdeaProjects\CloudDriver)
2020-06-09 19:54:56.964  INFO 18288 --- [main] o.c.driver.CloudDriverMainApplication    : No active profile set, falling back to default profiles: default
2020-06-09 19:54:57.053  INFO 18288 --- [main] ConfigServletWebServerApplicationContext : Refreshing org.springframework.boot.web.servlet.context.AnnotationConfigServletWebServerApplicationContext@6950ed69: startup date [Tue Jun 09 19:54:57 CST 2020]; root of context hierarchy
2020-06-09 19:54:59.695  INFO 18288 --- [main] trationDelegate$BeanPostProcessorChecker : Bean 'org.springframework.transaction.annotation.ProxyTransactionManagementConfiguration' of type [org.springframework.transaction.annotation.ProxyTransactionManagementConfiguration$$EnhancerBySpringCGLIB$$731c0a69] is not eligible for getting processed by all BeanPostProcessors (for example: not eligible for auto-proxying)
2020-06-09 19:55:00.652  INFO 18288 --- [main] o.s.b.w.embedded.tomcat.TomcatWebServer  : Tomcat initialized with port(s): 9527 (http)
2020-06-09 19:55:00.684  INFO 18288 --- [main] o.apache.catalina.core.StandardService   : Starting service [Tomcat]
2020-06-09 19:55:00.685  INFO 18288 --- [main] org.apache.catalina.core.StandardEngine  : Starting Servlet Engine: Apache Tomcat/8.5.29
2020-06-09 19:55:00.694  INFO 18288 --- [localhost-startStop-1] o.a.catalina.core.AprLifecycleListener   : The APR based Apache Tomcat Native library which allows optimal performance in production environments was not found on the java.library.path: [E:\java\bin;C:\WINDOWS\Sun\Java\bin;C:\WINDOWS\system32;C:\WINDOWS;C:\ProgramData\Oracle\Java\javapath;C:\Program Files (x86)\Intel\iCLS Client\;C:\Program Files\Intel\iCLS Client\;C:\Windows\system32;C:\Windows;C:\Windows\System32\Wbem;C:\Windows\System32\WindowsPowerShell\v1.0\;C:\Program Files (x86)\Intel\Intel(R) Management Engine Components\DAL;C:\Program Files\Intel\Intel(R) Management Engine Components\DAL;C:\Program Files (x86)\Intel\Intel(R) Management Engine Components\IPT;C:\Program Files\Intel\Intel(R) Management Engine Components\IPT;C:\WINDOWS\system32;C:\WINDOWS;C:\WINDOWS\System32\Wbem;C:\WINDOWS\System32\WindowsPowerShell\v1.0\;C:\WINDOWS\System32\OpenSSH\;E:\java\bin;E:\dotnet\;C:\Users\87454\AppData\Local\Programs\Python\Python37\;C:\Program Files\NVIDIA Corporation\NVIDIA NvDLISR;E:\Matlab 2017a\runtime\win64;E:\Matlab 2017a\bin;C:\Program Files (x86)\NVIDIA Corporation\PhysX\Common;C:\Program Files\Microsoft\Web Platform Installer\;C:\Program Files (x86)\Microsoft ASP.NET\ASP.NET Web Pages\v1.0\;C:\Program Files (x86)\Windows Kits\8.0\Windows Performance Toolkit\;e:\Program Files (x86)\Microsoft SQL Server\100\Tools\Binn\VSShell\Common7\IDE\;e:\Program Files (x86)\Microsoft SQL Server\100\Tools\Binn\;e:\Program Files\Microsoft SQL Server\100\Tools\Binn\;e:\Program Files (x86)\Microsoft SQL Server\100\DTS\Binn\;E:\opencv\build\x64\vc11\bin;C:\Program Files (x86)\Google\Chrome\Application;E:\Tesseract-OCR;E:\Git\cmd;E:\maven\soft\apache-maven-3.3.3\bin;C:\WINDOWS\system32;C:\WINDOWS;C:\WINDOWS\System32\Wbem;C:\WINDOWS\System32\WindowsPowerShell\v1.0\;C:\WINDOWS\System32\OpenSSH\;E:\nodejs\;E:\nodejs\node_global;ERLANG_HOME\bin;E:\Anaconda3;E:\Anaconda3\Scripts;C:\Users\87454\AppData\Local\Microsoft\WindowsApps;E:\Bandizip\;E:\Microsoft VS Code\bin;C:\Users\87454\AppData\Local\Microsoft\WindowsApps;E:\nodejs\node_global;;.]
2020-06-09 19:55:00.814  INFO 18288 --- [localhost-startStop-1] o.a.c.c.C.[Tomcat].[localhost].[/]       : Initializing Spring embedded WebApplicationContext
2020-06-09 19:55:00.814  INFO 18288 --- [localhost-startStop-1] o.s.web.context.ContextLoader            : Root WebApplicationContext: initialization completed in 3761 ms
2020-06-09 19:55:00.975  INFO 18288 --- [localhost-startStop-1] o.s.b.w.servlet.ServletRegistrationBean  : Servlet dispatcherServlet mapped to [/]
2020-06-09 19:55:00.979  INFO 18288 --- [localhost-startStop-1] o.s.b.w.servlet.FilterRegistrationBean   : Mapping filter: 'characterEncodingFilter' to: [/*]
2020-06-09 19:55:00.980  INFO 18288 --- [localhost-startStop-1] o.s.b.w.servlet.FilterRegistrationBean   : Mapping filter: 'hiddenHttpMethodFilter' to: [/*]
2020-06-09 19:55:00.980  INFO 18288 --- [localhost-startStop-1] o.s.b.w.servlet.FilterRegistrationBean   : Mapping filter: 'httpPutFormContentFilter' to: [/*]
2020-06-09 19:55:00.980  INFO 18288 --- [localhost-startStop-1] o.s.b.w.servlet.FilterRegistrationBean   : Mapping filter: 'requestContextFilter' to: [/*]
2020-06-09 19:55:01.940  INFO 18288 --- [main] s.w.s.m.m.a.RequestMappingHandlerMapping : Mapped "{[/cd/directory/create],methods=[POST]}" onto public org.cloud.driver.response.Response<org.cloud.driver.model.Directory> org.cloud.driver.controller.DirectoryController.create(org.cloud.driver.model.Directory)
2020-06-09 19:55:01.941  INFO 18288 --- [main] s.w.s.m.m.a.RequestMappingHandlerMapping : Mapped "{[/cd/directory/getFiles/{directoryId}],methods=[GET]}" onto public org.cloud.driver.response.Response<java.util.List<org.cloud.driver.model.Directory>> org.cloud.driver.controller.DirectoryController.getFiles(long)
2020-06-09 19:55:01.942  INFO 18288 --- [main] s.w.s.m.m.a.RequestMappingHandlerMapping : Mapped "{[/cd/directory/realDelete/{directoryId}],methods=[GET]}" onto public org.cloud.driver.response.Response<java.lang.String> org.cloud.driver.controller.DirectoryController.realDelete(long)
2020-06-09 19:55:01.942  INFO 18288 --- [main] s.w.s.m.m.a.RequestMappingHandlerMapping : Mapped "{[/cd/directory/update],methods=[POST]}" onto public org.cloud.driver.response.Response<org.cloud.driver.model.Directory> org.cloud.driver.controller.DirectoryController.fileUpdate(org.cloud.driver.model.Directory)
2020-06-09 19:55:01.942  INFO 18288 --- [main] s.w.s.m.m.a.RequestMappingHandlerMapping : Mapped "{[/cd/directory/getDelete],methods=[GET]}" onto public org.cloud.driver.response.Response<java.util.List<org.cloud.driver.model.Directory>> org.cloud.driver.controller.DirectoryController.getDeleteFiles()
2020-06-09 19:55:01.942  INFO 18288 --- [main] s.w.s.m.m.a.RequestMappingHandlerMapping : Mapped "{[/cd/directory/delete/{directoryId}],methods=[GET]}" onto public org.cloud.driver.response.Response<java.lang.String> org.cloud.driver.controller.DirectoryController.deleteFiles(long)
2020-06-09 19:55:01.948  INFO 18288 --- [main] s.w.s.m.m.a.RequestMappingHandlerMapping : Mapped "{[/cd/file/getPercent],methods=[GET]}" onto public org.cloud.driver.response.Response<java.lang.Integer> org.cloud.driver.controller.FileController.getPercent()
2020-06-09 19:55:01.949  INFO 18288 --- [main] s.w.s.m.m.a.RequestMappingHandlerMapping : Mapped "{[/cd/file/getFiles/{directoryId}],methods=[GET]}" onto public org.cloud.driver.response.Response<java.util.List<org.cloud.driver.model.MyFile>> org.cloud.driver.controller.FileController.getFiles(long)
2020-06-09 19:55:01.949  INFO 18288 --- [main] s.w.s.m.m.a.RequestMappingHandlerMapping : Mapped "{[/cd/file/upload],methods=[POST]}" onto public org.cloud.driver.response.Response<org.cloud.driver.model.MyFile> org.cloud.driver.controller.FileController.fileUpload(javax.servlet.http.HttpServletRequest,org.springframework.web.multipart.MultipartFile,org.cloud.driver.model.MyFile) throws java.io.IOException
2020-06-09 19:55:01.949  INFO 18288 --- [main] s.w.s.m.m.a.RequestMappingHandlerMapping : Mapped "{[/cd/file/realDelete/{fileId}],methods=[GET]}" onto public org.cloud.driver.response.Response<java.lang.String> org.cloud.driver.controller.FileController.realDelete(long)
2020-06-09 19:55:01.950  INFO 18288 --- [main] s.w.s.m.m.a.RequestMappingHandlerMapping : Mapped "{[/cd/file/download/{fileId}],methods=[GET]}" onto public void org.cloud.driver.controller.FileController.fileDownload(javax.servlet.http.HttpServletResponse,long)
2020-06-09 19:55:01.950  INFO 18288 --- [main] s.w.s.m.m.a.RequestMappingHandlerMapping : Mapped "{[/cd/file/realAllDelete],methods=[GET]}" onto public org.cloud.driver.response.Response<java.lang.String> org.cloud.driver.controller.FileController.realAllDelete()
2020-06-09 19:55:01.950  INFO 18288 --- [main] s.w.s.m.m.a.RequestMappingHandlerMapping : Mapped "{[/cd/file/update],methods=[POST]}" onto public org.cloud.driver.response.Response<org.cloud.driver.model.MyFile> org.cloud.driver.controller.FileController.fileUpdate(org.cloud.driver.model.MyFile)
2020-06-09 19:55:01.950  INFO 18288 --- [main] s.w.s.m.m.a.RequestMappingHandlerMapping : Mapped "{[/cd/file/getByType],methods=[GET]}" onto public org.cloud.driver.response.Response<java.util.List<org.cloud.driver.model.MyFile>> org.cloud.driver.controller.FileController.getFilesByType(java.lang.String)
2020-06-09 19:55:01.951  INFO 18288 --- [main] s.w.s.m.m.a.RequestMappingHandlerMapping : Mapped "{[/cd/file/getDelete],methods=[GET]}" onto public org.cloud.driver.response.Response<java.util.List<org.cloud.driver.model.MyFile>> org.cloud.driver.controller.FileController.getDeleteFiles()
2020-06-09 19:55:01.951  INFO 18288 --- [main] s.w.s.m.m.a.RequestMappingHandlerMapping : Mapped "{[/cd/file/delete/{fileId}],methods=[GET]}" onto public org.cloud.driver.response.Response<java.lang.String> org.cloud.driver.controller.FileController.deleteFiles(long)
2020-06-09 19:55:01.952  INFO 18288 --- [main] s.w.s.m.m.a.RequestMappingHandlerMapping : Mapped "{[/cd/user/register],methods=[POST]}" onto public org.cloud.driver.response.Response<java.lang.String> org.cloud.driver.controller.UserController.register(javax.servlet.http.HttpServletRequest,org.cloud.driver.request.UserRequest)
2020-06-09 19:55:01.953  INFO 18288 --- [main] s.w.s.m.m.a.RequestMappingHandlerMapping : Mapped "{[/cd/user/login],methods=[POST]}" onto public org.cloud.driver.response.Response<java.lang.String> org.cloud.driver.controller.UserController.login(javax.servlet.http.HttpServletResponse,org.cloud.driver.vo.LoginVo)
2020-06-09 19:55:01.953  INFO 18288 --- [main] s.w.s.m.m.a.RequestMappingHandlerMapping : Mapped "{[/cd/user/getCode/{email}]}" onto public org.cloud.driver.response.Response org.cloud.driver.controller.UserController.getCode(javax.servlet.http.HttpServletRequest,java.lang.String)
2020-06-09 19:55:01.954  INFO 18288 --- [main] s.w.s.m.m.a.RequestMappingHandlerMapping : Mapped "{[/cd/user/validEmail/{email}]}" onto public org.cloud.driver.response.Response org.cloud.driver.controller.UserController.validEmail(javax.servlet.http.HttpServletRequest,java.lang.String)
2020-06-09 19:55:01.954  INFO 18288 --- [main] s.w.s.m.m.a.RequestMappingHandlerMapping : Mapped "{[/cd/user/validUsername/{username}]}" onto public org.cloud.driver.response.Response org.cloud.driver.controller.UserController.validUsername(javax.servlet.http.HttpServletRequest,java.lang.String)
2020-06-09 19:55:01.956  INFO 18288 --- [main] s.w.s.m.m.a.RequestMappingHandlerMapping : Mapped "{[/v2/api-docs],methods=[GET],produces=[application/json || application/hal+json]}" onto public org.springframework.http.ResponseEntity<springfox.documentation.spring.web.json.Json> springfox.documentation.swagger2.web.Swagger2Controller.getDocumentation(java.lang.String,javax.servlet.http.HttpServletRequest)
2020-06-09 19:55:01.959  INFO 18288 --- [main] s.w.s.m.m.a.RequestMappingHandlerMapping : Mapped "{[/swagger-resources/configuration/security]}" onto org.springframework.http.ResponseEntity<springfox.documentation.swagger.web.SecurityConfiguration> springfox.documentation.swagger.web.ApiResourceController.securityConfiguration()
2020-06-09 19:55:01.960  INFO 18288 --- [main] s.w.s.m.m.a.RequestMappingHandlerMapping : Mapped "{[/swagger-resources]}" onto org.springframework.http.ResponseEntity<java.util.List<springfox.documentation.swagger.web.SwaggerResource>> springfox.documentation.swagger.web.ApiResourceController.swaggerResources()
2020-06-09 19:55:01.960  INFO 18288 --- [main] s.w.s.m.m.a.RequestMappingHandlerMapping : Mapped "{[/swagger-resources/configuration/ui]}" onto org.springframework.http.ResponseEntity<springfox.documentation.swagger.web.UiConfiguration> springfox.documentation.swagger.web.ApiResourceController.uiConfiguration()
2020-06-09 19:55:01.963  INFO 18288 --- [main] s.w.s.m.m.a.RequestMappingHandlerMapping : Mapped "{[/error]}" onto public org.springframework.http.ResponseEntity<java.util.Map<java.lang.String, java.lang.Object>> org.springframework.boot.autoconfigure.web.servlet.error.BasicErrorController.error(javax.servlet.http.HttpServletRequest)
2020-06-09 19:55:01.963  INFO 18288 --- [main] s.w.s.m.m.a.RequestMappingHandlerMapping : Mapped "{[/error],produces=[text/html]}" onto public org.springframework.web.servlet.ModelAndView org.springframework.boot.autoconfigure.web.servlet.error.BasicErrorController.errorHtml(javax.servlet.http.HttpServletRequest,javax.servlet.http.HttpServletResponse)
2020-06-09 19:55:02.144  INFO 18288 --- [main] o.s.w.s.handler.SimpleUrlHandlerMapping  : Mapped URL path [/**/favicon.ico] onto handler of type [class org.springframework.web.servlet.resource.ResourceHttpRequestHandler]
2020-06-09 19:55:02.350  INFO 18288 --- [main] s.w.s.m.m.a.RequestMappingHandlerAdapter : Looking for @ControllerAdvice: org.springframework.boot.web.servlet.context.AnnotationConfigServletWebServerApplicationContext@6950ed69: startup date [Tue Jun 09 19:54:57 CST 2020]; root of context hierarchy
2020-06-09 19:55:02.421  INFO 18288 --- [main] o.s.w.s.handler.SimpleUrlHandlerMapping  : Mapped URL path [/webjars/**] onto handler of type [class org.springframework.web.servlet.resource.ResourceHttpRequestHandler]
2020-06-09 19:55:02.421  INFO 18288 --- [main] o.s.w.s.handler.SimpleUrlHandlerMapping  : Mapped URL path [/**] onto handler of type [class org.springframework.web.servlet.resource.ResourceHttpRequestHandler]
2020-06-09 19:55:02.435  INFO 18288 --- [main] .m.m.a.ExceptionHandlerExceptionResolver : Detected @ExceptionHandler methods in exceptionCatch
2020-06-09 19:55:02.693  INFO 18288 --- [main] o.s.ui.freemarker.SpringTemplateLoader   : SpringTemplateLoader for FreeMarker: using resource loader [org.springframework.boot.web.servlet.context.AnnotationConfigServletWebServerApplicationContext@6950ed69: startup date [Tue Jun 09 19:54:57 CST 2020]; root of context hierarchy] and template loader path [classpath:/templates/]
2020-06-09 19:55:02.695  INFO 18288 --- [main] o.s.w.s.v.f.FreeMarkerConfigurer         : ClassTemplateLoader for Spring macros added to FreeMarker configuration
2020-06-09 19:55:02.719  WARN 18288 --- [main] o.s.b.a.f.FreeMarkerAutoConfiguration    : Cannot find template location(s): [classpath:/templates/] (please add some templates, check your FreeMarker configuration, or set spring.freemarker.checkTemplateLocation=false)
2020-06-09 19:55:02.898  INFO 18288 --- [main] o.s.j.e.a.AnnotationMBeanExporter        : Registering beans for JMX exposure on startup
2020-06-09 19:55:02.900  INFO 18288 --- [main] o.s.j.e.a.AnnotationMBeanExporter        : Bean with name 'dataSource' has been autodetected for JMX exposure
2020-06-09 19:55:02.908  INFO 18288 --- [main] o.s.j.e.a.AnnotationMBeanExporter        : Located MBean 'dataSource': registering with JMX server as MBean [com.alibaba.druid.pool:name=dataSource,type=DruidDataSource]
2020-06-09 19:55:02.916  INFO 18288 --- [main] o.s.c.support.DefaultLifecycleProcessor  : Starting beans in phase 2147483647
2020-06-09 19:55:02.916  INFO 18288 --- [main] d.s.w.p.DocumentationPluginsBootstrapper : Context refreshed
2020-06-09 19:55:02.937  INFO 18288 --- [main] d.s.w.p.DocumentationPluginsBootstrapper : Found 1 custom documentation plugin(s)
2020-06-09 19:55:02.953  INFO 18288 --- [main] s.d.s.w.s.ApiListingReferenceScanner     : Scanning for api listing references
2020-06-09 19:55:03.188  INFO 18288 --- [main] .d.s.w.r.o.CachingOperationNameGenerator : Generating unique operation named: deleteFilesUsingGET_1
2020-06-09 19:55:03.206  INFO 18288 --- [main] .d.s.w.r.o.CachingOperationNameGenerator : Generating unique operation named: fileUpdateUsingPOST_1
2020-06-09 19:55:03.215  INFO 18288 --- [main] .d.s.w.r.o.CachingOperationNameGenerator : Generating unique operation named: getDeleteFilesUsingGET_1
2020-06-09 19:55:03.218  INFO 18288 --- [main] .d.s.w.r.o.CachingOperationNameGenerator : Generating unique operation named: getFilesUsingGET_1
2020-06-09 19:55:03.237  INFO 18288 --- [main] .d.s.w.r.o.CachingOperationNameGenerator : Generating unique operation named: realDeleteUsingGET_1
2020-06-09 19:55:03.243  INFO 18288 --- [main] .d.s.w.r.o.CachingOperationNameGenerator : Generating unique operation named: getCodeUsingGET_1
2020-06-09 19:55:03.245  INFO 18288 --- [main] .d.s.w.r.o.CachingOperationNameGenerator : Generating unique operation named: getCodeUsingGET_2
2020-06-09 19:55:03.246  INFO 18288 --- [main] .d.s.w.r.o.CachingOperationNameGenerator : Generating unique operation named: getCodeUsingGET_3
2020-06-09 19:55:03.248  INFO 18288 --- [main] .d.s.w.r.o.CachingOperationNameGenerator : Generating unique operation named: getCodeUsingGET_4
2020-06-09 19:55:03.250  INFO 18288 --- [main] .d.s.w.r.o.CachingOperationNameGenerator : Generating unique operation named: getCodeUsingGET_5
2020-06-09 19:55:03.251  INFO 18288 --- [main] .d.s.w.r.o.CachingOperationNameGenerator : Generating unique operation named: getCodeUsingGET_6
2020-06-09 19:55:03.253  INFO 18288 --- [main] .d.s.w.r.o.CachingOperationNameGenerator : Generating unique operation named: getCodeUsingGET_7
2020-06-09 19:55:03.264  INFO 18288 --- [main] .d.s.w.r.o.CachingOperationNameGenerator : Generating unique operation named: validEmailUsingGET_1
2020-06-09 19:55:03.266  INFO 18288 --- [main] .d.s.w.r.o.CachingOperationNameGenerator : Generating unique operation named: validEmailUsingGET_2
2020-06-09 19:55:03.269  INFO 18288 --- [main] .d.s.w.r.o.CachingOperationNameGenerator : Generating unique operation named: validEmailUsingGET_3
2020-06-09 19:55:03.271  INFO 18288 --- [main] .d.s.w.r.o.CachingOperationNameGenerator : Generating unique operation named: validEmailUsingGET_4
2020-06-09 19:55:03.274  INFO 18288 --- [main] .d.s.w.r.o.CachingOperationNameGenerator : Generating unique operation named: validEmailUsingGET_5
2020-06-09 19:55:03.276  INFO 18288 --- [main] .d.s.w.r.o.CachingOperationNameGenerator : Generating unique operation named: validEmailUsingGET_6
2020-06-09 19:55:03.277  INFO 18288 --- [main] .d.s.w.r.o.CachingOperationNameGenerator : Generating unique operation named: validEmailUsingGET_7
2020-06-09 19:55:03.280  INFO 18288 --- [main] .d.s.w.r.o.CachingOperationNameGenerator : Generating unique operation named: validUsernameUsingGET_1
2020-06-09 19:55:03.282  INFO 18288 --- [main] .d.s.w.r.o.CachingOperationNameGenerator : Generating unique operation named: validUsernameUsingGET_2
2020-06-09 19:55:03.283  INFO 18288 --- [main] .d.s.w.r.o.CachingOperationNameGenerator : Generating unique operation named: validUsernameUsingGET_3
2020-06-09 19:55:03.285  INFO 18288 --- [main] .d.s.w.r.o.CachingOperationNameGenerator : Generating unique operation named: validUsernameUsingGET_4
2020-06-09 19:55:03.286  INFO 18288 --- [main] .d.s.w.r.o.CachingOperationNameGenerator : Generating unique operation named: validUsernameUsingGET_5
2020-06-09 19:55:03.288  INFO 18288 --- [main] .d.s.w.r.o.CachingOperationNameGenerator : Generating unique operation named: validUsernameUsingGET_6
2020-06-09 19:55:03.290  INFO 18288 --- [main] .d.s.w.r.o.CachingOperationNameGenerator : Generating unique operation named: validUsernameUsingGET_7
2020-06-09 19:55:03.346  INFO 18288 --- [main] o.s.b.w.embedded.tomcat.TomcatWebServer  : Tomcat started on port(s): 9527 (http) with context path ''
2020-06-09 19:55:03.351  INFO 18288 --- [main] o.c.driver.CloudDriverMainApplication    : Started CloudDriverMainApplication in 6.853 seconds (JVM running for 7.529)
2020-06-09 19:55:17.482  INFO 18288 --- [http-nio-9527-exec-1] o.a.c.c.C.[Tomcat].[localhost].[/]       : Initializing Spring FrameworkServlet 'dispatcherServlet'
2020-06-09 19:55:17.482  INFO 18288 --- [http-nio-9527-exec-1] o.s.web.servlet.DispatcherServlet        : FrameworkServlet 'dispatcherServlet': initialization started
2020-06-09 19:55:17.505  INFO 18288 --- [http-nio-9527-exec-1] o.s.web.servlet.DispatcherServlet        : FrameworkServlet 'dispatcherServlet': initialization completed in 23 ms
2020-06-09 19:55:17.596 ERROR 18288 --- [http-nio-9527-exec-1] o.cloud.driver.exception.ExceptionCatch  : catch exception:JSON parse error: Invalid UTF-8 start byte 0x98; nested exception is com.fasterxml.jackson.core.JsonParseException: Invalid UTF-8 start byte 0x98
 at [Source: (PushbackInputStream); line: 1, column: 3]
2020-06-09 19:55:17.597 ERROR 18288 --- [http-nio-9527-exec-1] o.cloud.driver.exception.ExceptionCatch  : catch declaringClass:org.springframework.http.converter.json.AbstractJackson2HttpMessageConverter.readJavaType(AbstractJackson2HttpMessageConverter.java:241)
2020-06-09 19:55:17.597 ERROR 18288 --- [http-nio-9527-exec-1] o.cloud.driver.exception.ExceptionCatch  : catch methodName:org.springframework.http.converter.json.AbstractJackson2HttpMessageConverter.read(AbstractJackson2HttpMessageConverter.java:223)
2020-06-09 19:55:17.597 ERROR 18288 --- [http-nio-9527-exec-1] o.cloud.driver.exception.ExceptionCatch  : catch fileName:org.springframework.web.servlet.mvc.method.annotation.AbstractMessageConverterMethodArgumentResolver.readWithMessageConverters(AbstractMessageConverterMethodArgumentResolver.java:206)
2020-06-09 19:55:17.597 ERROR 18288 --- [http-nio-9527-exec-1] o.cloud.driver.exception.ExceptionCatch  : catch lineNumber:org.springframework.web.servlet.mvc.method.annotation.RequestResponseBodyMethodProcessor.readWithMessageConverters(RequestResponseBodyMethodProcessor.java:157)
2020-06-09 19:55:22.426 ERROR 18288 --- [http-nio-9527-exec-2] o.cloud.driver.exception.ExceptionCatch  : catch exception:JSON parse error: Invalid UTF-8 start byte 0x98; nested exception is com.fasterxml.jackson.core.JsonParseException: Invalid UTF-8 start byte 0x98
 at [Source: (PushbackInputStream); line: 1, column: 3]
2020-06-09 19:55:22.426 ERROR 18288 --- [http-nio-9527-exec-2] o.cloud.driver.exception.ExceptionCatch  : catch declaringClass:org.springframework.http.converter.json.AbstractJackson2HttpMessageConverter.readJavaType(AbstractJackson2HttpMessageConverter.java:241)
2020-06-09 19:55:22.427 ERROR 18288 --- [http-nio-9527-exec-2] o.cloud.driver.exception.ExceptionCatch  : catch methodName:org.springframework.http.converter.json.AbstractJackson2HttpMessageConverter.read(AbstractJackson2HttpMessageConverter.java:223)
2020-06-09 19:55:22.427 ERROR 18288 --- [http-nio-9527-exec-2] o.cloud.driver.exception.ExceptionCatch  : catch fileName:org.springframework.web.servlet.mvc.method.annotation.AbstractMessageConverterMethodArgumentResolver.readWithMessageConverters(AbstractMessageConverterMethodArgumentResolver.java:206)
2020-06-09 19:55:22.427 ERROR 18288 --- [http-nio-9527-exec-2] o.cloud.driver.exception.ExceptionCatch  : catch lineNumber:org.springframework.web.servlet.mvc.method.annotation.RequestResponseBodyMethodProcessor.readWithMessageConverters(RequestResponseBodyMethodProcessor.java:157)
2020-06-09 20:37:05.155  INFO 18288 --- [Thread-3] ConfigServletWebServerApplicationContext : Closing org.springframework.boot.web.servlet.context.AnnotationConfigServletWebServerApplicationContext@6950ed69: startup date [Tue Jun 09 19:54:57 CST 2020]; root of context hierarchy
2020-06-09 20:37:05.158  INFO 18288 --- [Thread-3] o.s.c.support.DefaultLifecycleProcessor  : Stopping beans in phase 2147483647
2020-06-09 20:37:05.159  INFO 18288 --- [Thread-3] o.s.j.e.a.AnnotationMBeanExporter        : Unregistering JMX-exposed beans on shutdown
2020-06-09 20:37:05.160  INFO 18288 --- [Thread-3] o.s.j.e.a.AnnotationMBeanExporter        : Unregistering JMX-exposed beans
